<?xml version="1.0" encoding="UTF-8"?>
<robot generator="Robot 3.2.1 (Python 3.8.2 on darwin)" generated="20200510 17:59:06.951" rpa="false">
<suite id="s1" name="GoogleMapsAPI" source="/Users/anuraggarg/Desktop/Python_Projects/RobotFrameworkAPIAutomation/GoogleMap/GoogleMapsAPI.robot">
<test id="s1-t1" name="TC1">
<kw name="Create Session" library="RequestsLibrary">
<doc>Create Session: create a HTTP session to a server</doc>
<arguments>
<arg>mysession</arg>
<arg>${base_url}</arg>
</arguments>
<msg timestamp="20200510 17:59:07.066" level="INFO">Creating Session using : alias=mysession, url=https://maps.googleapis.com, headers={},                     cookies={}, auth=None, timeout=None, proxies=None, verify=False,                     debug=0 </msg>
<status status="PASS" starttime="20200510 17:59:07.065" endtime="20200510 17:59:07.066"></status>
</kw>
<kw name="Create Dictionary" library="BuiltIn">
<doc>Creates and returns a dictionary based on the given ``items``.</doc>
<arguments>
<arg>location=-33.8670522,151.1957362</arg>
<arg>radius=500</arg>
<arg>types=food</arg>
<arg>name=harbour</arg>
<arg>key=${API_key}</arg>
</arguments>
<assign>
<var>${params}</var>
</assign>
<msg timestamp="20200510 17:59:07.067" level="INFO">${params} = {'location': '-33.8670522,151.1957362', 'radius': '500', 'types': 'food', 'name': 'harbour', 'key': 'AIzaSyD0V-W248tv7pnIImr90K_fBFVhSzV18Vk'}</msg>
<status status="PASS" starttime="20200510 17:59:07.066" endtime="20200510 17:59:07.067"></status>
</kw>
<kw name="Get Request" library="RequestsLibrary">
<doc>Send a GET request on the session object found using the
given `alias`</doc>
<arguments>
<arg>mysession</arg>
<arg>${req_uri}</arg>
<arg>params=${params}</arg>
</arguments>
<assign>
<var>${response}</var>
</assign>
<msg timestamp="20200510 17:59:07.261" level="INFO">GET Request : url=https://maps.googleapis.com/maps/api/place/nearbysearch/xml?location=-33.8670522%2C151.1957362&amp;radius=500&amp;types=food&amp;name=harbour&amp;key=AIzaSyD0V-W248tv7pnIImr90K_fBFVhSzV18Vk 
 path_url=/maps/api/place/nearbysearch/xml?location=-33.8670522%2C151.1957362&amp;radius=500&amp;types=food&amp;name=harbour&amp;key=AIzaSyD0V-W248tv7pnIImr90K_fBFVhSzV18Vk 
 headers={'User-Agent': 'python-requests/2.23.0', 'Accept-Encoding': 'gzip, deflate', 'Accept': '*/*', 'Connection': 'keep-alive'} 
 body=None 
 </msg>
<msg timestamp="20200510 17:59:07.262" level="INFO">GET Response : url=https://maps.googleapis.com/maps/api/place/nearbysearch/xml?location=-33.8670522%2C151.1957362&amp;radius=500&amp;types=food&amp;name=harbour&amp;key=AIzaSyD0V-W248tv7pnIImr90K_fBFVhSzV18Vk 
 status=200, reason=OK 
 body=&lt;?xml version="1.0" encoding="UTF-8"?&gt;
&lt;PlaceSearchResponse&gt;
 &lt;status&gt;OVER_QUERY_LIMIT&lt;/status&gt;
 &lt;error_message&gt;You have exceeded your daily request quota for this API. If you did not set a custom daily request quota, verify your project has an active billing account: http://g.co/dev/maps-no-account&lt;/error_message&gt;
&lt;/PlaceSearchResponse&gt;
 
 </msg>
<msg timestamp="20200510 17:59:07.262" level="INFO">/Users/anuraggarg/Desktop/Python_Projects/RobotFrameworkAPIAutomation/venv/lib/python3.8/site-packages/urllib3/connectionpool.py:979: InsecureRequestWarning: Unverified HTTPS request is being made to host 'maps.googleapis.com'. Adding certificate verification is strongly advised. See: https://urllib3.readthedocs.io/en/latest/advanced-usage.html#ssl-warnings
  warnings.warn(</msg>
<msg timestamp="20200510 17:59:07.262" level="INFO">${response} = &lt;Response [200]&gt;</msg>
<status status="PASS" starttime="20200510 17:59:07.067" endtime="20200510 17:59:07.262"></status>
</kw>
<kw name="Log To Console" library="BuiltIn">
<doc>Logs the given message to the console.</doc>
<arguments>
<arg>${response.status_code}</arg>
</arguments>
<status status="PASS" starttime="20200510 17:59:07.263" endtime="20200510 17:59:07.264"></status>
</kw>
<kw name="Log To Console" library="BuiltIn">
<doc>Logs the given message to the console.</doc>
<arguments>
<arg>${response.content}</arg>
</arguments>
<status status="PASS" starttime="20200510 17:59:07.265" endtime="20200510 17:59:07.266"></status>
</kw>
<status status="PASS" starttime="20200510 17:59:07.064" endtime="20200510 17:59:07.267" critical="yes"></status>
</test>
<status status="PASS" starttime="20200510 17:59:06.954" endtime="20200510 17:59:07.270"></status>
</suite>
<statistics>
<total>
<stat pass="1" fail="0">Critical Tests</stat>
<stat pass="1" fail="0">All Tests</stat>
</total>
<tag>
</tag>
<suite>
<stat pass="1" fail="0" id="s1" name="GoogleMapsAPI">GoogleMapsAPI</stat>
</suite>
</statistics>
<errors>
</errors>
</robot>
